<?xml version="1.0" encoding="UTF-8"?>
<robot generator="Robot 3.1.1 (Python 3.7.1 on win32)" generated="20190111 16:11:57.545" rpa="false">
<suite id="s1" name="Group Scenarios" source="D:\python_training_2\rf\group_scenarios.robot">
<test id="s1-t1" name="Add new group">
<kw name="Create Group">
<arguments>
<arg>name1</arg>
<arg>header1</arg>
<arg>footer 1</arg>
</arguments>
<msg timestamp="20190111 16:11:57.688" level="FAIL">No keyword with name 'Create Group' found.</msg>
<status status="FAIL" starttime="20190111 16:11:57.688" endtime="20190111 16:11:57.688"></status>
</kw>
<status status="FAIL" starttime="20190111 16:11:57.685" endtime="20190111 16:11:57.688" critical="yes">No keyword with name 'Create Group' found.</status>
</test>
<status status="FAIL" starttime="20190111 16:11:57.548" endtime="20190111 16:11:57.689"></status>
</suite>
<statistics>
<total>
<stat pass="0" fail="1">Critical Tests</stat>
<stat pass="0" fail="1">All Tests</stat>
</total>
<tag>
</tag>
<suite>
<stat pass="0" fail="1" id="s1" name="Group Scenarios">Group Scenarios</stat>
</suite>
</statistics>
<errors>
<msg timestamp="20190111 16:11:57.515" level="ERROR">Error in file 'D:\python_training_2\rf\group_scenarios.robot': Non-existing setting 'Library rf.AddressBook'.</msg>
<msg timestamp="20190111 16:11:57.515" level="ERROR">Error in file 'D:\python_training_2\rf\group_scenarios.robot': Non-existing setting 'Suite Setup Init Fixtures'.</msg>
<msg timestamp="20190111 16:11:57.516" level="ERROR">Error in file 'D:\python_training_2\rf\group_scenarios.robot': Non-existing setting 'Suite Teardown Destroy Fixtures'.</msg>
</errors>
</robot>
