<?xml version="1.0" encoding="UTF-8"?>
<robot generator="Robot 3.1.1 (Python 3.7.1 on win32)" generated="20190111 16:37:35.943" rpa="false">
<suite id="s1" name="Group Scenarios" source="D:\python_training_2\rf\group_scenarios.robot">
<kw name="Init Fixtures" type="setup">
<msg timestamp="20190111 16:37:35.988" level="FAIL">No keyword with name 'Init Fixtures' found.</msg>
<status status="FAIL" starttime="20190111 16:37:35.988" endtime="20190111 16:37:35.988"></status>
</kw>
<test id="s1-t1" name="Add new group">
<status status="FAIL" starttime="20190111 16:37:35.989" endtime="20190111 16:37:35.989" critical="yes">Parent suite setup failed:
No keyword with name 'Init Fixtures' found.</status>
</test>
<kw name="Destroy Fixtures" type="teardown">
<msg timestamp="20190111 16:37:35.993" level="FAIL">No keyword with name 'Destroy Fixtures' found.</msg>
<status status="FAIL" starttime="20190111 16:37:35.993" endtime="20190111 16:37:35.993">No keyword with name 'Destroy Fixtures' found.</status>
</kw>
<status status="FAIL" starttime="20190111 16:37:35.945" endtime="20190111 16:37:35.993">Suite setup failed:
No keyword with name 'Init Fixtures' found.

Also suite teardown failed:
No keyword with name 'Destroy Fixtures' found.</status>
</suite>
<statistics>
<total>
<stat pass="0" fail="1">Critical Tests</stat>
<stat pass="0" fail="1">All Tests</stat>
</total>
<tag>
</tag>
<suite>
<stat pass="0" fail="1" id="s1" name="Group Scenarios">Group Scenarios</stat>
</suite>
</statistics>
<errors>
<msg timestamp="20190111 16:37:35.985" level="ERROR">Error in file 'D:\python_training_2\rf\group_scenarios.robot': Importing test library 'rf.AddressBook' failed: ModuleNotFoundError: No module named 'rf'
Traceback (most recent call last):
  None
PYTHONPATH:
  D:\python_training_2\env\Scripts\robot.exe
  d:\python_training_2\env\scripts\python37.zip
  d:\python_training_2\env\DLLs
  d:\python_training_2\env\lib
  d:\python_training_2\env\scripts
  c:\python37\Lib
  c:\python37\DLLs
  d:\python_training_2\env
  d:\python_training_2\env\lib\site-packages</msg>
</errors>
</robot>
